{"contracts\\Raffle.sol":{"l":{"56":3,"57":3,"58":3,"59":3,"60":3,"61":3,"62":3,"63":3,"71":5,"72":4,"73":3,"74":3,"99":1,"100":1,"101":1,"102":1,"103":1,"104":1,"113":1,"114":1,"115":0,"121":1,"122":1,"129":1,"139":0,"140":0,"141":0,"142":0,"143":0,"144":0,"145":0,"146":0,"155":5,"165":1,"174":0,"183":1,"193":0,"202":0,"211":0,"220":1},"path":"C:\\DISK W\\Blockchain Course\\Raffle Full-Stack\\hardhat-smart-contract-raffle\\contracts\\Raffle.sol","s":{"1":3,"2":3,"3":3,"4":3,"5":3,"6":3,"7":3,"8":3,"9":5,"10":4,"11":3,"12":3,"13":1,"14":1,"15":1,"16":1,"17":1,"18":1,"19":1,"20":1,"21":1,"22":1,"23":1,"24":0,"25":0,"26":0,"27":0,"28":0,"29":0,"30":0,"31":0,"32":5,"33":1,"34":0,"35":1,"36":0,"37":0,"38":0,"39":1},"b":{"1":[1,4],"2":[1,3],"3":[0,1],"4":[0,0]},"f":{"1":3,"2":5,"3":1,"4":1,"5":0,"6":5,"7":1,"8":0,"9":1,"10":0,"11":0,"12":0,"13":1},"fnMap":{"1":{"name":"constructor","line":55,"loc":{"start":{"line":48,"column":4},"end":{"line":64,"column":4}}},"2":{"name":"enterRaffle","line":66,"loc":{"start":{"line":66,"column":4},"end":{"line":75,"column":4}}},"3":{"name":"checkUpkeep","line":88,"loc":{"start":{"line":88,"column":4},"end":{"line":105,"column":4}}},"4":{"name":"performUpkeep","line":107,"loc":{"start":{"line":107,"column":4},"end":{"line":130,"column":4}}},"5":{"name":"fulfillRandomWords","line":132,"loc":{"start":{"line":132,"column":4},"end":{"line":147,"column":4}}},"6":{"name":"getEntranceFee","line":149,"loc":{"start":{"line":149,"column":4},"end":{"line":156,"column":4}}},"7":{"name":"getPlayer","line":158,"loc":{"start":{"line":158,"column":4},"end":{"line":166,"column":4}}},"8":{"name":"getRecentWinner","line":168,"loc":{"start":{"line":168,"column":4},"end":{"line":175,"column":4}}},"9":{"name":"getRaffleState","line":177,"loc":{"start":{"line":177,"column":4},"end":{"line":184,"column":4}}},"10":{"name":"getNUM_WORDS","line":186,"loc":{"start":{"line":186,"column":4},"end":{"line":194,"column":4}}},"11":{"name":"getPlayers","line":196,"loc":{"start":{"line":196,"column":4},"end":{"line":203,"column":4}}},"12":{"name":"getLatestTimeStamp","line":205,"loc":{"start":{"line":205,"column":4},"end":{"line":212,"column":4}}},"13":{"name":"getInterval","line":214,"loc":{"start":{"line":214,"column":4},"end":{"line":221,"column":4}}}},"statementMap":{"1":{"start":{"line":56,"column":8},"end":{"line":56,"column":40}},"2":{"start":{"line":57,"column":8},"end":{"line":57,"column":34}},"3":{"start":{"line":58,"column":8},"end":{"line":58,"column":70}},"4":{"start":{"line":59,"column":8},"end":{"line":59,"column":26}},"5":{"start":{"line":60,"column":8},"end":{"line":60,"column":44}},"6":{"start":{"line":61,"column":8},"end":{"line":61,"column":39}},"7":{"start":{"line":62,"column":8},"end":{"line":62,"column":40}},"8":{"start":{"line":63,"column":8},"end":{"line":63,"column":28}},"9":{"start":{"line":71,"column":8},"end":{"line":71,"column":74}},"10":{"start":{"line":72,"column":8},"end":{"line":72,"column":76}},"11":{"start":{"line":73,"column":8},"end":{"line":73,"column":41}},"12":{"start":{"line":74,"column":8},"end":{"line":74,"column":36}},"13":{"start":{"line":99,"column":8},"end":{"line":99,"column":55}},"14":{"start":{"line":100,"column":8},"end":{"line":100,"column":76}},"15":{"start":{"line":101,"column":8},"end":{"line":101,"column":45}},"16":{"start":{"line":102,"column":8},"end":{"line":102,"column":51}},"17":{"start":{"line":103,"column":8},"end":{"line":103,"column":72}},"18":{"start":{"line":104,"column":8},"end":{"line":104,"column":36}},"19":{"start":{"line":113,"column":8},"end":{"line":113,"column":47}},"20":{"start":{"line":114,"column":8},"end":{"line":114,"column":4021}},"21":{"start":{"line":121,"column":8},"end":{"line":121,"column":46}},"22":{"start":{"line":122,"column":8},"end":{"line":122,"column":4271}},"23":{"start":{"line":129,"column":8},"end":{"line":129,"column":45}},"24":{"start":{"line":139,"column":8},"end":{"line":139,"column":59}},"25":{"start":{"line":140,"column":8},"end":{"line":140,"column":60}},"26":{"start":{"line":141,"column":8},"end":{"line":141,"column":63}},"27":{"start":{"line":142,"column":8},"end":{"line":142,"column":39}},"28":{"start":{"line":143,"column":8},"end":{"line":143,"column":42}},"29":{"start":{"line":144,"column":8},"end":{"line":144,"column":40}},"30":{"start":{"line":145,"column":8},"end":{"line":145,"column":52}},"31":{"start":{"line":146,"column":8},"end":{"line":146,"column":39}},"32":{"start":{"line":155,"column":8},"end":{"line":155,"column":28}},"33":{"start":{"line":165,"column":8},"end":{"line":165,"column":30}},"34":{"start":{"line":174,"column":8},"end":{"line":174,"column":29}},"35":{"start":{"line":183,"column":8},"end":{"line":183,"column":28}},"36":{"start":{"line":193,"column":8},"end":{"line":193,"column":24}},"37":{"start":{"line":202,"column":8},"end":{"line":202,"column":30}},"38":{"start":{"line":211,"column":8},"end":{"line":211,"column":30}},"39":{"start":{"line":220,"column":8},"end":{"line":220,"column":25}}},"branchMap":{"1":{"line":71,"type":"if","locations":[{"start":{"line":71,"column":8},"end":{"line":71,"column":8}},{"start":{"line":71,"column":8},"end":{"line":71,"column":8}}]},"2":{"line":72,"type":"if","locations":[{"start":{"line":72,"column":8},"end":{"line":72,"column":8}},{"start":{"line":72,"column":8},"end":{"line":72,"column":8}}]},"3":{"line":114,"type":"if","locations":[{"start":{"line":114,"column":8},"end":{"line":114,"column":8}},{"start":{"line":114,"column":8},"end":{"line":114,"column":8}}]},"4":{"line":145,"type":"if","locations":[{"start":{"line":145,"column":8},"end":{"line":145,"column":8}},{"start":{"line":145,"column":8},"end":{"line":145,"column":8}}]}}},"contracts\\test\\VRFCoordinatorV2Mock.sol":{"l":{},"path":"C:\\DISK W\\Blockchain Course\\Raffle Full-Stack\\hardhat-smart-contract-raffle\\contracts\\test\\VRFCoordinatorV2Mock.sol","s":{},"b":{},"f":{},"fnMap":{},"statementMap":{},"branchMap":{}}}